This is pdfTeX, Version 3.14159265-2.6-1.40.20 (MiKTeX 2.9.7000 64-bit) (preloaded format=pdflatex 2019.4.3)  9 JUL 2019 18:16
entering extended mode
**./cv-academic.tex
(cv-academic.tex
LaTeX2e <2018-12-01>
(preamble.tex ("C:\Program Files\MiKTeX 2.9\tex/latex/base\article.cls"
Document Class: article 2018/09/03 v1.4i Standard LaTeX document class
("C:\Program Files\MiKTeX 2.9\tex/latex/base\size10.clo"
File: size10.clo 2018/09/03 v1.4i Standard LaTeX file (size option)
)
\c@part=\count80
\c@section=\count81
\c@subsection=\count82
\c@subsubsection=\count83
\c@paragraph=\count84
\c@subparagraph=\count85
\c@figure=\count86
\c@table=\count87
\abovecaptionskip=\skip41
\belowcaptionskip=\skip42
\bibindent=\dimen102
)
("C:\Program Files\MiKTeX 2.9\tex/latex/enumitem\enumitem.sty"
Package: enumitem 2019/02/04 v3.8 Customized lists
\enitkv@toks@=\toks14
\labelindent=\skip43
\enit@outerparindent=\dimen103
\enit@toks=\toks15
\enit@inbox=\box27
\enit@count@id=\count88
\enitdp@description=\count89
)
("C:\Program Files\MiKTeX 2.9\tex/latex/graphics\color.sty"
Package: color 2016/07/10 v1.1e Standard LaTeX Color (DPC)

("C:\Program Files\MiKTeX 2.9\tex/latex/graphics-cfg\color.cfg"
File: color.cfg 2016/01/02 v1.6 sample color configuration
)
Package color Info: Driver file: pdftex.def on input line 147.

("C:\Program Files\MiKTeX 2.9\tex/latex/graphics-def\pdftex.def"
File: pdftex.def 2018/01/08 v1.0l Graphics/color driver for pdftex
)
("C:\Program Files\MiKTeX 2.9\tex/latex/graphics\dvipsnam.def"
File: dvipsnam.def 2016/06/17 v3.0m Driver-dependent file (DPC,SPQR)
))
("C:\Program Files\MiKTeX 2.9\tex/latex/needspace\needspace.sty"
Package: needspace 2010/09/12 v1.3d reserve vertical space
))
(cv-academic.aux)
\openout1 = `cv-academic.aux'.

LaTeX Font Info:    Checking defaults for OML/cmm/m/it on input line 3.
LaTeX Font Info:    ... okay on input line 3.
LaTeX Font Info:    Checking defaults for T1/cmr/m/n on input line 3.
LaTeX Font Info:    ... okay on input line 3.
LaTeX Font Info:    Checking defaults for OT1/cmr/m/n on input line 3.
LaTeX Font Info:    ... okay on input line 3.
LaTeX Font Info:    Checking defaults for OMS/cmsy/m/n on input line 3.
LaTeX Font Info:    ... okay on input line 3.
LaTeX Font Info:    Checking defaults for OMX/cmex/m/n on input line 3.
LaTeX Font Info:    ... okay on input line 3.
LaTeX Font Info:    Checking defaults for U/cmr/m/n on input line 3.
LaTeX Font Info:    ... okay on input line 3.

("C:\Program Files\MiKTeX 2.9\tex/context/base/mkii\supp-pdf.mkii"
[Loading MPS to PDF converter (version 2006.09.02).]
\scratchcounter=\count90
\scratchdimen=\dimen104
\scratchbox=\box28
\nofMPsegments=\count91
\nofMParguments=\count92
\everyMPshowfont=\toks16
\MPscratchCnt=\count93
\MPscratchDim=\dimen105
\MPnumerator=\count94
\makeMPintoPDFobject=\count95
\everyMPtoPDFconversion=\toks17
) (contact.tex
LaTeX Font Info:    External font `cmex10' loaded for size
(Font)              <7> on input line 3.
LaTeX Font Info:    External font `cmex10' loaded for size
(Font)              <5> on input line 3.
) (education.tex)
Overfull \hbox (7.22743pt too wide) in paragraph at lines 7--9
[][]
 []


Underfull \hbox (badness 10000) in paragraph at lines 7--9

 []

(professional.tex
Overfull \hbox (7.22743pt too wide) in paragraph at lines 8--11
[][] 
 []


Overfull \hbox (7.22743pt too wide) in paragraph at lines 25--28
[][] 
 []


Overfull \hbox (7.22743pt too wide) in paragraph at lines 40--43
[][] 
 []


Overfull \hbox (7.22743pt too wide) in paragraph at lines 54--57
[][] 
 []


Overfull \hbox (7.22743pt too wide) in paragraph at lines 68--71
[][] 
 []

[1

{C:/Users/alinen/AppData/Local/MiKTeX/2.9/pdftex/config/pdftex.map}]
Overfull \hbox (7.22743pt too wide) in paragraph at lines 85--88
[][] 
 []


Overfull \hbox (7.22743pt too wide) in paragraph at lines 102--105
[][] 
 []


Overfull \hbox (7.22743pt too wide) in paragraph at lines 110--115
[][]
 []


Overfull \hbox (7.22743pt too wide) in paragraph at lines 122--127
[][]
 []


Overfull \hbox (7.22743pt too wide) in paragraph at lines 129--135
[][]
 []


Overfull \hbox (7.22743pt too wide) in paragraph at lines 137--142
[][]
 []

) (research.tex
Overfull \hbox (7.22743pt too wide) in paragraph at lines 8--12
[][]
 []

[2]
Overfull \hbox (7.22743pt too wide) in paragraph at lines 23--26
[][] 
 []


Overfull \hbox (7.22743pt too wide) in paragraph at lines 33--36
[][] 
 []


Overfull \hbox (7.22743pt too wide) in paragraph at lines 41--44
[][] 
 []

)
! Undefined control sequence.
l.19 \medski
            
? 
(teaching.tex
Overfull \hbox (7.22743pt too wide) in paragraph at lines 5--33
[][] 
 []

)
! Undefined control sequence.
l.23 \medski
            
? 
(service.tex
! Extra alignment tab has been changed to \cr.
<recently read> \endtemplate 
                             
l.10 \phantom{yommomma} &
                          \phantom{2002}\\
? 
! Extra alignment tab has been changed to \cr.
<recently read> \endtemplate 
                             
l.18 \phantom{yommomma} &
                          \phantom{2002}\\
? 

Overfull \hbox (7.22743pt too wide) in paragraph at lines 5--25
[][] 
 []

) (publications.tex [3]) [4] (cv-academic.aux) ) 
Here is how much of TeX's memory you used:
 1220 strings out of 492945
 17138 string characters out of 3135511
 84738 words of memory out of 3000000
 5149 multiletter control sequences out of 15000+200000
 5504 words of font info for 20 fonts, out of 3000000 for 9000
 1141 hyphenation exceptions out of 8191
 25i,7n,19p,511b,161s stack positions out of 5000i,500n,10000p,200000b,50000s
<C:/Program Files/MiKTeX 2.9/fo
nts/type1/public/amsfonts/cm/cmbx10.pfb><C:/Program Files/MiKTeX 2.9/fonts/type
1/public/amsfonts/cm/cmbx12.pfb><C:/Program Files/MiKTeX 2.9/fonts/type1/public
/amsfonts/cm/cmr10.pfb><C:/Program Files/MiKTeX 2.9/fonts/type1/public/amsfonts
/cm/cmti10.pfb>
Output written on cv-academic.pdf (4 pages, 87004 bytes).
PDF statistics:
 31 PDF objects out of 1000 (max. 8388607)
 0 named destinations out of 1000 (max. 500000)
 1 words of extra memory for PDF output out of 10000 (max. 10000000)

